This is pdfTeX, Version 3.14159265-2.6-1.40.21 (TeX Live 2020/Debian) (preloaded format=pdflatex 2021.9.24)  15 NOV 2021 11:46
entering extended mode
 restricted \write18 enabled.
 file:line:error style messages enabled.
 %&-line parsing enabled.
**"/home/gunjan/Desktop/Semester 3/CS242 SSL/Assignment 2/docs/latex/refman.tex"
(/home/gunjan/Desktop/Semester 3/CS242 SSL/Assignment 2/docs/latex/refman.tex
LaTeX2e <2020-02-02> patch level 5
L3 programming layer <2020-07-17> (/usr/share/texlive/texmf-dist/tex/latex/base/book.cls
Document Class: book 2019/12/20 v1.4l Standard LaTeX document class
(/usr/share/texlive/texmf-dist/tex/latex/base/bk10.clo
File: bk10.clo 2019/12/20 v1.4l Standard LaTeX file (size option)
)
\c@part=\count168
\c@chapter=\count169
\c@section=\count170
\c@subsection=\count171
\c@subsubsection=\count172
\c@paragraph=\count173
\c@subparagraph=\count174
\c@figure=\count175
\c@table=\count176
\abovecaptionskip=\skip47
\belowcaptionskip=\skip48
\bibindent=\dimen134
) (/usr/share/texlive/texmf-dist/tex/latex/base/ifthen.sty
Package: ifthen 2014/09/29 v1.1c Standard LaTeX ifthen package (DPC)
) (/usr/share/texlive/texmf-dist/tex/latex/tools/array.sty
Rollback for package 'array' requested -> date 2016-10-06.
         Best approximation is the release introduced on 2016-10-06.
 (/usr/share/texlive/texmf-dist/tex/latex/tools/array-2016-10-06.sty
Package: array 2016/10/06 v2.4d Tabular extension package (FMi)
\col@sep=\dimen135
\extrarowheight=\dimen136
\NC@list=\toks15
\extratabsurround=\skip49
\backup@length=\skip50
)) (/usr/share/texlive/texmf-dist/tex/latex/base/fixltx2e.sty
Package: fixltx2e 2016/12/29 v2.1a fixes to LaTeX (obsolete)
Applying: [2015/01/01] Old fixltx2e package on input line 46.


Package fixltx2e Warning: fixltx2e is not required with releases after 2015
(fixltx2e)                All fixes are now in the LaTeX kernel.
(fixltx2e)                See the latexrelease package for details.

Already applied: [0000/00/00] Old fixltx2e package on input line 53.
) (/usr/share/texlive/texmf-dist/tex/latex/tools/calc.sty
Package: calc 2017/05/25 v4.3 Infix arithmetic (KKT,FJ)
\calc@Acount=\count177
\calc@Bcount=\count178
\calc@Adimen=\dimen137
\calc@Bdimen=\dimen138
\calc@Askip=\skip51
\calc@Bskip=\skip52
LaTeX Info: Redefining \setlength on input line 80.
LaTeX Info: Redefining \addtolength on input line 81.
\calc@Ccount=\count179
\calc@Cskip=\skip53
) (/home/gunjan/Desktop/Semester 3/CS242 SSL/Assignment 2/docs/latex/doxygen.sty
Package: doxygen 
 (/usr/share/texlive/texmf-dist/tex/latex/base/alltt.sty
Package: alltt 1997/06/16 v2.0g defines alltt environment
) (/usr/share/texlive/texmf-dist/tex/latex/float/float.sty
Package: float 2001/11/08 v1.3d Float enhancements (AL)
\c@float@type=\count180
\float@exts=\toks16
\float@box=\box45
\@float@everytoks=\toks17
\@floatcapt=\box46
) (/usr/share/texlive/texmf-dist/tex/latex/tools/verbatim.sty
Package: verbatim 2019/11/10 v1.5r LaTeX2e package for verbatim enhancements
\every@verbatim=\toks18
\verbatim@line=\toks19
\verbatim@in@stream=\read2
) (/usr/share/texlive/texmf-dist/tex/latex/xcolor/xcolor.sty
Package: xcolor 2016/05/11 v2.12 LaTeX color extensions (UK)
 (/usr/share/texlive/texmf-dist/tex/latex/graphics-cfg/color.cfg
File: color.cfg 2016/01/02 v1.6 sample color configuration
)
Package xcolor Info: Driver file: pdftex.def on input line 225.
 (/usr/share/texlive/texmf-dist/tex/latex/graphics-def/pdftex.def
File: pdftex.def 2018/01/08 v1.0l Graphics/color driver for pdftex
) (/usr/share/texlive/texmf-dist/tex/latex/colortbl/colortbl.sty
Package: colortbl 2020/01/04 v1.0e Color table columns (DPC)
\everycr=\toks20
\minrowclearance=\skip54
)
\rownum=\count181
Package xcolor Info: Model `cmy' substituted by `cmy0' on input line 1348.
Package xcolor Info: Model `hsb' substituted by `rgb' on input line 1352.
Package xcolor Info: Model `RGB' extended on input line 1364.
Package xcolor Info: Model `HTML' substituted by `rgb' on input line 1366.
Package xcolor Info: Model `Hsb' substituted by `hsb' on input line 1367.
Package xcolor Info: Model `tHsb' substituted by `hsb' on input line 1368.
Package xcolor Info: Model `HSB' substituted by `hsb' on input line 1369.
Package xcolor Info: Model `Gray' substituted by `gray' on input line 1370.
Package xcolor Info: Model `wave' substituted by `hsb' on input line 1371.
) (/home/gunjan/Desktop/Semester 3/CS242 SSL/Assignment 2/docs/latex/longtable_doxygen.sty
Package: longtable_doxygen 2014/10/28 v4.11 Multi-page Table package (DPC) - frozen version for doxygen
\LTleft=\skip55
\LTright=\skip56
\LTpre=\skip57
\LTpost=\skip58
\LTchunksize=\count182
\LTcapwidth=\dimen139
\LT@head=\box47
\LT@firsthead=\box48
\LT@foot=\box49
\LT@lastfoot=\box50
\LT@cols=\count183
\LT@rows=\count184
\c@LT@tables=\count185
\c@LT@chunks=\count186
\LT@p@ftn=\toks21
) (/home/gunjan/Desktop/Semester 3/CS242 SSL/Assignment 2/docs/latex/tabu_doxygen.sty
Package: tabu_doxygen 2011/02/26 v2.8 - flexible LaTeX tabulars (FC), frozen version for doxygen
 (/usr/share/texlive/texmf-dist/tex/latex/varwidth/varwidth.sty
Package: varwidth 2009/03/30 ver 0.92;  Variable-width minipages
\@vwid@box=\box51
\sift@deathcycles=\count187
\@vwid@loff=\dimen140
\@vwid@roff=\dimen141
)
\c@taburow=\count188
\tabu@nbcols=\count189
\tabu@cnt=\count190
\tabu@Xcol=\count191
\tabu@alloc=\count192
\tabu@nested=\count193
\tabu@target=\dimen142
\tabu@spreadtarget=\dimen143
\tabu@naturalX=\dimen144
\tabucolX=\dimen145
\tabu@Xsum=\dimen146
\extrarowdepth=\dimen147
\abovetabulinesep=\dimen148
\belowtabulinesep=\dimen149
\tabustrutrule=\dimen150
\tabu@thebody=\toks22
\tabu@footnotes=\toks23
\tabu@box=\box52
\tabu@arstrutbox=\box53
\tabu@hleads=\box54
\tabu@vleads=\box55
\tabu@cellskip=\skip59
) (/usr/share/texlive/texmf-dist/tex/latex/fancyvrb/fancyvrb.sty
Package: fancyvrb 2020/05/03 v3.6 verbatim text (tvz,hv)
 (/usr/share/texlive/texmf-dist/tex/latex/graphics/keyval.sty
Package: keyval 2014/10/28 v1.15 key=value parser (DPC)
\KV@toks@=\toks24
)
\FV@CodeLineNo=\count194
\FV@InFile=\read3
\FV@TabBox=\box56
\c@FancyVerbLine=\count195
\FV@StepNumber=\count196
\FV@OutFile=\write3
) (/usr/share/texlive/texmf-dist/tex/latex/tools/tabularx.sty
Package: tabularx 2020/01/15 v2.11c `tabularx' package (DPC)
\TX@col@width=\dimen151
\TX@old@table=\dimen152
\TX@old@col=\dimen153
\TX@target=\dimen154
\TX@delta=\dimen155
\TX@cols=\count197
\TX@ftn=\toks25
) (/usr/share/texlive/texmf-dist/tex/latex/multirow/multirow.sty
Package: multirow 2019/05/31 v2.5 Span multiple rows of a table
\multirow@colwidth=\skip60
\multirow@cntb=\count198
\multirow@dima=\skip61
\bigstrutjot=\dimen156
) (/usr/share/texlive/texmf-dist/tex/latex/hanging/hanging.sty
Package: hanging 2009/09/02 v1.2b hanging paragraphs and punctuation
\h@ngcommawd=\skip62
\h@ngfstopwd=\skip63
\h@ngquotewd=\skip64
\h@ngdquotewd=\skip65
\h@ngquerywd=\skip66
\h@ngexclwd=\skip67
\h@ngcolonwd=\skip68
\h@ngscolonwd=\skip69
) (/usr/share/texlive/texmf-dist/tex/generic/iftex/ifpdf.sty
Package: ifpdf 2019/10/25 v3.4 ifpdf legacy package. Use iftex instead.
 (/usr/share/texlive/texmf-dist/tex/generic/iftex/iftex.sty
Package: iftex 2020/03/06 v1.0d TeX engine tests
)) (/usr/share/texlive/texmf-dist/tex/latex/adjustbox/adjustbox.sty
Package: adjustbox 2019/01/04 v1.2 Adjusting TeX boxes (trim, clip, ...)
 (/usr/share/texlive/texmf-dist/tex/latex/xkeyval/xkeyval.sty
Package: xkeyval 2014/12/03 v2.7a package option processing (HA)
 (/usr/share/texlive/texmf-dist/tex/generic/xkeyval/xkeyval.tex (/usr/share/texlive/texmf-dist/tex/generic/xkeyval/xkvutils.tex
\XKV@toks=\toks26
\XKV@tempa@toks=\toks27
)
\XKV@depth=\count199
File: xkeyval.tex 2014/12/03 v2.7a key=value parser (HA)
)) (/usr/share/texlive/texmf-dist/tex/latex/adjustbox/adjcalc.sty
Package: adjcalc 2012/05/16 v1.1 Provides advanced setlength with multiple back-ends (calc, etex, pgfmath)
) (/usr/share/texlive/texmf-dist/tex/latex/adjustbox/trimclip.sty
Package: trimclip 2018/04/08 v1.1 Trim and clip general TeX material
 (/usr/share/texlive/texmf-dist/tex/latex/graphics/graphicx.sty
Package: graphicx 2019/11/30 v1.2a Enhanced LaTeX Graphics (DPC,SPQR)
 (/usr/share/texlive/texmf-dist/tex/latex/graphics/graphics.sty
Package: graphics 2019/11/30 v1.4a Standard LaTeX Graphics (DPC,SPQR)
 (/usr/share/texlive/texmf-dist/tex/latex/graphics/trig.sty
Package: trig 2016/01/03 v1.10 sin cos tan (DPC)
) (/usr/share/texlive/texmf-dist/tex/latex/graphics-cfg/graphics.cfg
File: graphics.cfg 2016/06/04 v1.11 sample graphics configuration
)
Package graphics Info: Driver file: pdftex.def on input line 105.
)
\Gin@req@height=\dimen157
\Gin@req@width=\dimen158
) (/usr/share/texlive/texmf-dist/tex/latex/collectbox/collectbox.sty
Package: collectbox 2012/05/17 v0.4b Collect macro arguments as boxes
\collectedbox=\box57
)
\tc@llx=\dimen159
\tc@lly=\dimen160
\tc@urx=\dimen161
\tc@ury=\dimen162
Package trimclip Info: Using driver 'tc-pdftex.def'.
 (/usr/share/texlive/texmf-dist/tex/latex/adjustbox/tc-pdftex.def
File: tc-pdftex.def 2019/01/04 v2.2 Clipping driver for pdftex
))
\adjbox@Width=\dimen163
\adjbox@Height=\dimen164
\adjbox@Depth=\dimen165
\adjbox@Totalheight=\dimen166
\adjbox@pwidth=\dimen167
\adjbox@pheight=\dimen168
\adjbox@pdepth=\dimen169
\adjbox@ptotalheight=\dimen170
 (/usr/share/texlive/texmf-dist/tex/latex/ifoddpage/ifoddpage.sty
Package: ifoddpage 2016/04/23 v1.1 Conditionals for odd/even page detection
\c@checkoddpage=\count266
)) (/usr/share/texlive/texmf-dist/tex/latex/amsfonts/amssymb.sty
Package: amssymb 2013/01/14 v3.01 AMS font symbols
 (/usr/share/texlive/texmf-dist/tex/latex/amsfonts/amsfonts.sty
Package: amsfonts 2013/01/14 v3.01 Basic AMSFonts support
\@emptytoks=\toks28
\symAMSa=\mathgroup4
\symAMSb=\mathgroup5
LaTeX Font Info:    Redeclaring math symbol \hbar on input line 98.
LaTeX Font Info:    Overwriting math alphabet `\mathfrak' in version `bold'
(Font)                  U/euf/m/n --> U/euf/b/n on input line 106.
)) (/usr/share/texlive/texmf-dist/tex/latex/stackengine/stackengine.sty
Package: stackengine 2017/02/13 v4.01\ Stacking text and objects in convenient ways
 (/usr/share/texlive/texmf-dist/tex/latex/etoolbox/etoolbox.sty
Package: etoolbox 2020/07/15 v2.5i e-TeX tools for LaTeX (JAW)
\etb@tempcnta=\count267
) (/usr/share/texlive/texmf-dist/tex/generic/listofitems/listofitems.sty (/usr/share/texlive/texmf-dist/tex/generic/listofitems/listofitems.tex
\loi_cnt_foreach_nest=\count268
\loi_nestcnt=\count269
)
Package: listofitems 2019/08/21 v1.63 Grab items in lists using user-specified sep char (CT)
)
\c@@stackindex=\count270
\@boxshift=\skip70
\stack@tmplength=\skip71
\temp@stkl=\skip72
\@stackedboxwidth=\skip73
\@addedbox=\box58
\@anchorbox=\box59
\stackedbox=\box60
\@centerbox=\box61
\c@ROWcellindex@=\count271
) (/usr/share/texlive/texmf-dist/tex/generic/ulem/ulem.sty
\UL@box=\box62
\UL@hyphenbox=\box63
\UL@skip=\skip74
\UL@hook=\toks29
\UL@height=\dimen171
\UL@pe=\count272
\UL@pixel=\dimen172
\ULC@box=\box64
Package: ulem 2019/11/18
\ULdepth=\dimen173
)
\xrefbox=\box65
\xreflength=\skip75
\CodeWidthChar=\skip76
\CodeHeightChar=\skip77
\DoxyCodeWidth=\skip78
) (/usr/share/texlive/texmf-dist/tex/latex/base/inputenc.sty
Package: inputenc 2018/08/11 v1.3c Input encoding file
\inpenc@prehook=\toks30
\inpenc@posthook=\toks31
) (/usr/share/texlive/texmf-dist/tex/latex/base/makeidx.sty
Package: makeidx 2014/09/29 v1.0m Standard LaTeX package
) (/usr/share/texlive/texmf-dist/tex/latex/tools/multicol.sty
Package: multicol 2019/12/09 v1.8y multicolumn formatting (FMi)
\c@tracingmulticols=\count273
\mult@box=\box66
\multicol@leftmargin=\dimen174
\c@unbalance=\count274
\c@collectmore=\count275
\doublecol@number=\count276
\multicoltolerance=\count277
\multicolpretolerance=\count278
\full@width=\dimen175
\page@free=\dimen176
\premulticols=\dimen177
\postmulticols=\dimen178
\multicolsep=\skip79
\multicolbaselineskip=\skip80
\partial@page=\box67
\last@line=\box68
\maxbalancingoverflow=\dimen179
\mult@rightbox=\box69
\mult@grightbox=\box70
\mult@gfirstbox=\box71
\mult@firstbox=\box72
\@tempa=\box73
\@tempa=\box74
\@tempa=\box75
\@tempa=\box76
\@tempa=\box77
\@tempa=\box78
\@tempa=\box79
\@tempa=\box80
\@tempa=\box81
\@tempa=\box82
\@tempa=\box83
\@tempa=\box84
\@tempa=\box85
\@tempa=\box86
\@tempa=\box87
\@tempa=\box88
\@tempa=\box89
\@tempa=\box90
\@tempa=\box91
\@tempa=\box92
\@tempa=\box93
\@tempa=\box94
\@tempa=\box95
\@tempa=\box96
\@tempa=\box97
\@tempa=\box98
\@tempa=\box99
\@tempa=\box100
\@tempa=\box101
\@tempa=\box102
\@tempa=\box103
\@tempa=\box104
\@tempa=\box105
\@tempa=\box106
\@tempa=\box107
\@tempa=\box108
\@tempa=\box109
\c@minrows=\count279
\c@columnbadness=\count280
\c@finalcolumnbadness=\count281
\last@try=\dimen180
\multicolovershoot=\dimen181
\multicolundershoot=\dimen182
\mult@nat@firstbox=\box110
\colbreak@box=\box111
\mc@col@check@num=\count282
) (/usr/share/texlive/texmf-dist/tex/latex/base/textcomp.sty
Package: textcomp 2020/02/02 v2.0n Standard LaTeX package
) (/usr/share/texlive/texmf-dist/tex/latex/wasysym/wasysym.sty
Package: wasysym 2020/01/19 v2.4 Wasy-2 symbol support package
\symwasy=\mathgroup6
LaTeX Font Info:    Overwriting symbol font `wasy' in version `bold'
(Font)                  U/wasy/m/n --> U/wasy/b/n on input line 93.
) (/usr/share/texlive/texmf-dist/tex/generic/iftex/ifxetex.sty
Package: ifxetex 2019/10/25 v0.7 ifxetex legacy package. Use iftex instead.
) (/usr/share/texlive/texmf-dist/tex/latex/base/fontenc.sty
Package: fontenc 2020/02/11 v2.0o Standard LaTeX package
) (/usr/share/texlive/texmf-dist/tex/latex/psnfss/helvet.sty
Package: helvet 2020/03/25 PSNFSS-v9.3 (WaS) 
) (/usr/share/texlive/texmf-dist/tex/latex/psnfss/courier.sty
Package: courier 2020/03/25 PSNFSS-v9.3 (WaS) 
) (/usr/share/texlive/texmf-dist/tex/latex/sectsty/sectsty.sty
Package: sectsty 2002/02/25 v2.0.2 Commands to change all sectional heading styles


LaTeX Warning: Command \underbar  has changed.
               Check if current package is valid.


LaTeX Warning: Command \underline  has changed.
               Check if current package is valid.

) (/usr/share/texlive/texmf-dist/tex/latex/geometry/geometry.sty
Package: geometry 2020/01/02 v5.9 Page Geometry
 (/usr/share/texlive/texmf-dist/tex/generic/iftex/ifvtex.sty
Package: ifvtex 2019/10/25 v1.7 ifvtex legacy package. Use iftex instead.
)
\Gm@cnth=\count283
\Gm@cntv=\count284
\c@Gm@tempcnt=\count285
\Gm@bindingoffset=\dimen183
\Gm@wd@mp=\dimen184
\Gm@odd@mp=\dimen185
\Gm@even@mp=\dimen186
\Gm@layoutwidth=\dimen187
\Gm@layoutheight=\dimen188
\Gm@layouthoffset=\dimen189
\Gm@layoutvoffset=\dimen190
\Gm@dimlist=\toks32
) (/usr/share/texlive/texmf-dist/tex/latex/fancyhdr/fancyhdr.sty
Package: fancyhdr 2019/01/31 v3.10 Extensive control of page headers and footers
\f@nch@headwidth=\skip81
\f@nch@O@elh=\skip82
\f@nch@O@erh=\skip83
\f@nch@O@olh=\skip84
\f@nch@O@orh=\skip85
\f@nch@O@elf=\skip86
\f@nch@O@erf=\skip87
\f@nch@O@olf=\skip88
\f@nch@O@orf=\skip89
) (/usr/share/texlive/texmf-dist/tex/latex/natbib/natbib.sty
Package: natbib 2010/09/13 8.31b (PWD, AO)
\bibhang=\skip90
\bibsep=\skip91
LaTeX Info: Redefining \cite on input line 694.
\c@NAT@ctr=\count286
) (/usr/share/texlive/texmf-dist/tex/latex/tocloft/tocloft.sty
Package: tocloft 2017/08/31 v2.3i parameterised ToC, etc., typesetting
Package tocloft Info: The document has chapter divisions on input line 51.
\cftparskip=\skip92
\cftbeforetoctitleskip=\skip93
\cftaftertoctitleskip=\skip94
\cftbeforepartskip=\skip95
\cftpartnumwidth=\skip96
\cftpartindent=\skip97
\cftbeforechapskip=\skip98
\cftchapindent=\skip99
\cftchapnumwidth=\skip100
\cftbeforesecskip=\skip101
\cftsecindent=\skip102
\cftsecnumwidth=\skip103
\cftbeforesubsecskip=\skip104
\cftsubsecindent=\skip105
\cftsubsecnumwidth=\skip106
\cftbeforesubsubsecskip=\skip107
\cftsubsubsecindent=\skip108
\cftsubsubsecnumwidth=\skip109
\cftbeforeparaskip=\skip110
\cftparaindent=\skip111
\cftparanumwidth=\skip112
\cftbeforesubparaskip=\skip113
\cftsubparaindent=\skip114
\cftsubparanumwidth=\skip115
\cftbeforeloftitleskip=\skip116
\cftafterloftitleskip=\skip117
\cftbeforefigskip=\skip118
\cftfigindent=\skip119
\cftfignumwidth=\skip120
\c@lofdepth=\count287
\c@lotdepth=\count288
\cftbeforelottitleskip=\skip121
\cftafterlottitleskip=\skip122
\cftbeforetabskip=\skip123
\cfttabindent=\skip124
\cfttabnumwidth=\skip125
)
\@indexfile=\write4
\openout4 = `refman.idx'.


Writing index file refman.idx
(/usr/share/texlive/texmf-dist/tex/latex/newunicodechar/newunicodechar.sty
Package: newunicodechar 2018/04/08 v1.2 Defining Unicode characters
)

Package newunicodechar Warning: Redefining Unicode character on input line 116.


Package newunicodechar Warning: Redefining Unicode character on input line 117.

(/usr/share/texlive/texmf-dist/tex/latex/hyperref/hyperref.sty
Package: hyperref 2020-05-15 v7.00e Hypertext links for LaTeX
 (/usr/share/texlive/texmf-dist/tex/generic/ltxcmds/ltxcmds.sty
Package: ltxcmds 2019/12/15 v1.24 LaTeX kernel commands for general use (HO)
) (/usr/share/texlive/texmf-dist/tex/generic/pdftexcmds/pdftexcmds.sty
Package: pdftexcmds 2020-06-27 v0.33 Utility functions of pdfTeX for LuaTeX (HO)
 (/usr/share/texlive/texmf-dist/tex/generic/infwarerr/infwarerr.sty
Package: infwarerr 2019/12/03 v1.5 Providing info/warning/error messages (HO)
)
Package pdftexcmds Info: \pdf@primitive is available.
Package pdftexcmds Info: \pdf@ifprimitive is available.
Package pdftexcmds Info: \pdfdraftmode found.
) (/usr/share/texlive/texmf-dist/tex/generic/kvsetkeys/kvsetkeys.sty
Package: kvsetkeys 2019/12/15 v1.18 Key value parser (HO)
) (/usr/share/texlive/texmf-dist/tex/generic/kvdefinekeys/kvdefinekeys.sty
Package: kvdefinekeys 2019-12-19 v1.6 Define keys (HO)
) (/usr/share/texlive/texmf-dist/tex/generic/pdfescape/pdfescape.sty
Package: pdfescape 2019/12/09 v1.15 Implements pdfTeX's escape features (HO)
) (/usr/share/texlive/texmf-dist/tex/latex/hycolor/hycolor.sty
Package: hycolor 2020-01-27 v1.10 Color options for hyperref/bookmark (HO)
) (/usr/share/texlive/texmf-dist/tex/latex/letltxmacro/letltxmacro.sty
Package: letltxmacro 2019/12/03 v1.6 Let assignment for LaTeX macros (HO)
) (/usr/share/texlive/texmf-dist/tex/latex/auxhook/auxhook.sty
Package: auxhook 2019-12-17 v1.6 Hooks for auxiliary files (HO)
) (/usr/share/texlive/texmf-dist/tex/latex/kvoptions/kvoptions.sty
Package: kvoptions 2019/11/29 v3.13 Key value format for package options (HO)
)
\@linkdim=\dimen191
\Hy@linkcounter=\count289
\Hy@pagecounter=\count290
 (/usr/share/texlive/texmf-dist/tex/latex/hyperref/pd1enc.def
File: pd1enc.def 2020-05-15 v7.00e Hyperref: PDFDocEncoding definition (HO)
Now handling font encoding PD1 ...
... no UTF-8 mapping file for font encoding PD1
) (/usr/share/texlive/texmf-dist/tex/generic/intcalc/intcalc.sty
Package: intcalc 2019/12/15 v1.3 Expandable calculations with integers (HO)
) (/usr/share/texlive/texmf-dist/tex/generic/etexcmds/etexcmds.sty
Package: etexcmds 2019/12/15 v1.7 Avoid name clashes with e-TeX commands (HO)
)
\Hy@SavedSpaceFactor=\count291
Package hyperref Info: Hyper figures OFF on input line 4464.
Package hyperref Info: Link nesting OFF on input line 4469.
Package hyperref Info: Hyper index ON on input line 4472.
Package hyperref Info: Plain pages OFF on input line 4479.
Package hyperref Info: Backreferencing ON on input line 4482.
Package hyperref Info: Implicit mode ON; LaTeX internals redefined.
Package hyperref Info: Bookmarks ON on input line 4717.
 (/usr/share/texlive/texmf-dist/tex/latex/hyperref/backref.sty
Package: backref 2020/01/14 v1.40 Bibliographical back referencing
 (/usr/share/texlive/texmf-dist/tex/latex/rerunfilecheck/rerunfilecheck.sty
Package: rerunfilecheck 2019/12/05 v1.9 Rerun checks for auxiliary files (HO)
 (/usr/share/texlive/texmf-dist/tex/latex/atveryend/atveryend.sty
Package: atveryend 2019-12-11 v1.11 Hooks at the very end of document (HO)
) (/usr/share/texlive/texmf-dist/tex/generic/uniquecounter/uniquecounter.sty
Package: uniquecounter 2019/12/15 v1.4 Provide unlimited unique counter (HO)
 (/usr/share/texlive/texmf-dist/tex/generic/bigintcalc/bigintcalc.sty
Package: bigintcalc 2019/12/15 v1.5 Expandable calculations on big integers (HO)
))
Package uniquecounter Info: New unique counter `rerunfilecheck' on input line 286.
))
\c@Hy@tempcnt=\count292
 (/usr/share/texlive/texmf-dist/tex/latex/url/url.sty
\Urlmuskip=\muskip16
Package: url 2013/09/16  ver 3.4  Verb mode for urls, etc.
)
LaTeX Info: Redefining \url on input line 5076.
\XeTeXLinkMargin=\dimen192
 (/usr/share/texlive/texmf-dist/tex/generic/bitset/bitset.sty
Package: bitset 2019/12/09 v1.3 Handle bit-vector datatype (HO)
)
\Fld@menulength=\count293
\Field@Width=\dimen193
\Fld@charsize=\dimen194
Package hyperref Info: Hyper figures OFF on input line 6347.
Package hyperref Info: Link nesting OFF on input line 6352.
Package hyperref Info: Hyper index ON on input line 6355.
Package hyperref Info: backreferencing ON on input line 6360.
Package hyperref Info: Link coloring OFF on input line 6367.
Package hyperref Info: Link coloring with OCG OFF on input line 6372.
Package hyperref Info: PDF/A mode OFF on input line 6377.
LaTeX Info: Redefining \ref on input line 6417.
LaTeX Info: Redefining \pageref on input line 6421.
 (/usr/share/texlive/texmf-dist/tex/generic/atbegshi/atbegshi.sty
Package: atbegshi 2019/12/05 v1.19 At begin shipout hook (HO)
)
\Hy@abspage=\count294
\c@Item=\count295
\c@Hfootnote=\count296
)
Package hyperref Info: Driver: hpdftex.
 (/usr/share/texlive/texmf-dist/tex/latex/hyperref/hpdftex.def
File: hpdftex.def 2020-05-15 v7.00e Hyperref driver for pdfTeX
\Fld@listcount=\count297
\c@bookmark@seq@number=\count298
\Hy@SectionHShift=\skip126
)
Package hyperref Info: Option `colorlinks' set `true' on input line 135.
Package hyperref Info: Option `unicode' set `true' on input line 135.
 (/usr/share/texlive/texmf-dist/tex/latex/hyperref/puenc.def
File: puenc.def 2020-05-15 v7.00e Hyperref: PDF Unicode definition (HO)
Now handling font encoding PU ...
... no UTF-8 mapping file for font encoding PU
) (/usr/share/texlive/texmf-dist/tex/latex/caption/caption.sty
Package: caption 2020/05/30 v3.4k Customizing captions (AR)
 (/usr/share/texlive/texmf-dist/tex/latex/caption/caption3.sty
Package: caption3 2020/07/20 v1.12b caption3 kernel (AR)
Package caption3 Info: TeX engine: e-TeX on input line 61.
\captionmargin=\dimen195
\captionmargin@=\dimen196
\captionwidth=\dimen197
\caption@tempdima=\dimen198
\caption@indent=\dimen199
\caption@parindent=\dimen256
\caption@hangindent=\dimen257
Package caption Info: Standard document class detected.
)
\c@caption@flags=\count299
\c@continuedfloat=\count300
Package caption Info: float package is loaded.
Package caption Info: hyperref package is loaded.
Package caption Info: longtable package is loaded.
 (/usr/share/texlive/texmf-dist/tex/latex/caption/ltcaption.sty
Package: ltcaption 2020/05/30 v1.4b longtable captions (AR)
)) (/usr/share/texlive/texmf-dist/tex/latex/etoc/etoc.sty
Package: etoc 2020/05/15 v1.09c Completely customisable TOCs (JFB)
\Etoc@toctoks=\toks33
\c@etoc@tocid=\count301
\c@etoc@tocdepth=\count302
\etoc@framed@titlebox=\box112
\etoc@framed@contentsbox=\box113
) (/usr/share/texlive/texmf-dist/tex/latex/l3backend/l3backend-pdfmode.def
File: l3backend-pdfmode.def 2020-06-29 L3 backend support: PDF mode
\l__kernel_color_stack_int=\count303
\l__pdf_internal_box=\box114
) (/home/gunjan/Desktop/Semester 3/CS242 SSL/Assignment 2/docs/latex/refman.aux)
\openout1 = `refman.aux'.

LaTeX Font Info:    Checking defaults for OML/cmm/m/it on input line 150.
LaTeX Font Info:    ... okay on input line 150.
LaTeX Font Info:    Checking defaults for OMS/cmsy/m/n on input line 150.
LaTeX Font Info:    ... okay on input line 150.
LaTeX Font Info:    Checking defaults for OT1/cmr/m/n on input line 150.
LaTeX Font Info:    ... okay on input line 150.
LaTeX Font Info:    Checking defaults for T1/cmr/m/n on input line 150.
LaTeX Font Info:    ... okay on input line 150.
LaTeX Font Info:    Checking defaults for TS1/cmr/m/n on input line 150.
LaTeX Font Info:    ... okay on input line 150.
LaTeX Font Info:    Checking defaults for OMX/cmex/m/n on input line 150.
LaTeX Font Info:    ... okay on input line 150.
LaTeX Font Info:    Checking defaults for U/cmr/m/n on input line 150.
LaTeX Font Info:    ... okay on input line 150.
LaTeX Font Info:    Checking defaults for PD1/pdf/m/n on input line 150.
LaTeX Font Info:    ... okay on input line 150.
LaTeX Font Info:    Checking defaults for PU/pdf/m/n on input line 150.
LaTeX Font Info:    ... okay on input line 150.
LaTeX Font Info:    Trying to load font information for T1+phv on input line 150.
 (/usr/share/texlive/texmf-dist/tex/latex/psnfss/t1phv.fd
File: t1phv.fd 2020/03/25 scalable font definitions for T1/phv.
)
LaTeX Font Info:    Font shape `T1/phv/m/n' will be
(Font)              scaled to size 8.99994pt on input line 150.
 (/usr/share/texlive/texmf-dist/tex/context/base/mkii/supp-pdf.mkii
[Loading MPS to PDF converter (version 2006.09.02).]
\scratchcounter=\count304
\scratchdimen=\dimen258
\scratchbox=\box115
\nofMPsegments=\count305
\nofMParguments=\count306
\everyMPshowfont=\toks34
\MPscratchCnt=\count307
\MPscratchDim=\dimen259
\MPnumerator=\count308
\makeMPintoPDFobject=\count309
\everyMPtoPDFconversion=\toks35
) (/usr/share/texlive/texmf-dist/tex/latex/epstopdf-pkg/epstopdf-base.sty
Package: epstopdf-base 2020-01-24 v2.11 Base part for package epstopdf
Package epstopdf-base Info: Redefining graphics rule for `.eps' on input line 485.
 (/usr/share/texlive/texmf-dist/tex/latex/latexconfig/epstopdf-sys.cfg
File: epstopdf-sys.cfg 2010/07/13 v1.3 Configuration of (r)epstopdf for TeX Live
))
*geometry* driver: auto-detecting
*geometry* detected driver: pdftex
*geometry* verbose mode - [ preamble ] result:
* driver: pdftex
* paper: a4paper
* layout: <same size as paper>
* layoutoffset:(h,v)=(0.0pt,0.0pt)
* modes: twoside 
* h-part:(L,W,R)=(71.13188pt, 455.24411pt, 71.13188pt)
* v-part:(T,H,B)=(71.13188pt, 702.78308pt, 71.13188pt)
* \paperwidth=597.50787pt
* \paperheight=845.04684pt
* \textwidth=455.24411pt
* \textheight=702.78308pt
* \oddsidemargin=-1.1381pt
* \evensidemargin=-1.1381pt
* \topmargin=-31.2056pt
* \headheight=12.0pt
* \headsep=18.06749pt
* \topskip=10.0pt
* \footskip=25.29494pt
* \marginparwidth=125.0pt
* \marginparsep=7.0pt
* \columnsep=10.0pt
* \skip\footins=9.0pt plus 4.0pt minus 2.0pt
* \hoffset=0.0pt
* \voffset=0.0pt
* \mag=1000
* \@twocolumnfalse
* \@twosidetrue
* \@mparswitchtrue
* \@reversemarginfalse
* (1in=72.27pt=25.4mm, 1cm=28.453pt)

Package backref Info: ** backref set up for natbib ** on input line 150.
\AtBeginShipoutBox=\box116
Package hyperref Info: Link coloring ON on input line 150.
(/usr/share/texlive/texmf-dist/tex/latex/hyperref/nameref.sty
Package: nameref 2019/09/16 v2.46 Cross-referencing by name of section
 (/usr/share/texlive/texmf-dist/tex/latex/refcount/refcount.sty
Package: refcount 2019/12/15 v3.6 Data extraction from label references (HO)
) (/usr/share/texlive/texmf-dist/tex/generic/gettitlestring/gettitlestring.sty
Package: gettitlestring 2019/12/15 v1.6 Cleanup title references (HO)
)
\c@section@level=\count310
)
LaTeX Info: Redefining \ref on input line 150.
LaTeX Info: Redefining \pageref on input line 150.
LaTeX Info: Redefining \nameref on input line 150.
 (/home/gunjan/Desktop/Semester 3/CS242 SSL/Assignment 2/docs/latex/refman.out) (/home/gunjan/Desktop/Semester 3/CS242 SSL/Assignment 2/docs/latex/refman.out)
\@outlinefile=\write5
\openout5 = `refman.out'.

Package caption Info: Begin \AtBeginDocument code.
Package caption Info: End \AtBeginDocument code.
\Etoc@tf=\read4
Package hyperref Info: Option `pageanchor' set `false' on input line 156.
Package hyperref Info: Option `bookmarksnumbered' set `true' on input line 156.
Package hyperref Info: Option `unicode' set `true' on input line 156.
LaTeX Font Info:    Font shape `T1/phv/m/n' will be
(Font)              scaled to size 12.9599pt on input line 161.
LaTeX Font Info:    Font shape `T1/phv/m/n' will be
(Font)              scaled to size 10.79993pt on input line 161.
LaTeX Font Info:    Font shape `T1/phv/m/n' will be
(Font)              scaled to size 6.29996pt on input line 161.
LaTeX Font Info:    Trying to load font information for U+msa on input line 161.
 (/usr/share/texlive/texmf-dist/tex/latex/amsfonts/umsa.fd
File: umsa.fd 2013/01/14 v3.01 AMS symbols A
)
LaTeX Font Info:    Trying to load font information for U+msb on input line 161.
 (/usr/share/texlive/texmf-dist/tex/latex/amsfonts/umsb.fd
File: umsb.fd 2013/01/14 v3.01 AMS symbols B
)
LaTeX Font Info:    Trying to load font information for U+wasy on input line 161.
 (/usr/share/texlive/texmf-dist/tex/latex/wasysym/uwasy.fd
File: uwasy.fd 2020/01/19 v2.4 Wasy-2 symbol font definitions
) [1


{/var/lib/texmf/fonts/map/pdftex/updmap/pdftex.map}] [2

]
\tf@toc=\write6
\openout6 = `refman.toc'.

LaTeX Font Info:    Font shape `T1/phv/b/n' will be
(Font)              scaled to size 8.99994pt on input line 169.
LaTeX Font Info:    Font shape `T1/phv/b/n' will be
(Font)              scaled to size 6.29996pt on input line 169.
 [1] [2]
Package hyperref Info: Option `pageanchor' set `true' on input line 171.

Chapter 1.
LaTeX Font Info:    Font shape `T1/phv/m/n' will be
(Font)              scaled to size 18.66588pt on input line 174.
LaTeX Font Info:    Font shape `T1/phv/b/n' will be
(Font)              scaled to size 18.66588pt on input line 174.
LaTeX Font Info:    Font shape `T1/phv/bc/n' will be
(Font)              scaled to size 18.66588pt on input line 174.
LaTeX Font Info:    Font shape `T1/phv/m/n' will be
(Font)              scaled to size 22.39185pt on input line 174.
LaTeX Font Info:    Font shape `T1/phv/b/n' will be
(Font)              scaled to size 22.39185pt on input line 174.
LaTeX Font Info:    Font shape `T1/phv/bc/n' will be
(Font)              scaled to size 22.39185pt on input line 174.
(/home/gunjan/Desktop/Semester 3/CS242 SSL/Assignment 2/docs/latex/files.tex
LaTeX Font Info:    Font shape `T1/phv/b/n' will be
(Font)              scaled to size 12.9599pt on input line 1.
) [1


] [2

]
Chapter 2.
(/home/gunjan/Desktop/Semester 3/CS242 SSL/Assignment 2/docs/latex/shell_8cpp.tex
LaTeX Font Info:    Trying to load font information for T1+pcr on input line 3.
 (/usr/share/texlive/texmf-dist/tex/latex/psnfss/t1pcr.fd
File: t1pcr.fd 2001/06/04 font definitions for T1/pcr.
) </home/gunjan/Desktop/Semester 3/CS242 SSL/Assignment 2/docs/latex/shell_8cpp__incl.pdf

pdfTeX warning: pdflatex (file /home/gunjan/Desktop/Semester 3/CS242 SSL/Assignment 2/docs/latex/shell_8cpp__incl.pdf): PDF inclusion: multiple pdfs with page group included in a single page
>
<shell_8cpp__incl.pdf, id=278, 642.4pt x 156.585pt>
File: shell_8cpp__incl.pdf Graphic file (type pdf)
<use shell_8cpp__incl.pdf>
Package pdftex.def Info: shell_8cpp__incl.pdf  used on input line 16.
(pdftex.def)             Requested size: 350.0pt x 85.31442pt.
LaTeX Font Info:    Font shape `T1/phv/b/n' will be
(Font)              scaled to size 10.79993pt on input line 19.
LaTeX Font Info:    Trying to load font information for TS1+phv on input line 22.
 (/usr/share/texlive/texmf-dist/tex/latex/psnfss/ts1phv.fd
File: ts1phv.fd 2020/03/25 scalable font definitions for TS1/phv.
)
LaTeX Font Info:    Font shape `TS1/phv/m/n' will be
(Font)              scaled to size 8.99994pt on input line 22.
 [3]
LaTeX Font Info:    Font shape `T1/phv/bc/n' will be
(Font)              scaled to size 8.99994pt on input line 113.

Underfull \hbox (badness 10000) detected at line 113
[][][]
 []


Underfull \hbox (badness 10000) detected at line 116
[][][]
 []

LaTeX Font Info:    Font shape `T1/phv/m/n' will be
(Font)              scaled to size 7.19995pt on input line 126.
LaTeX Font Info:    Font shape `T1/pcr/m/it' in size <8> not available
(Font)              Font shape `T1/pcr/m/sl' tried instead on input line 126.
[4]
LaTeX Font Info:    Trying to load font information for TS1+pcr on input line 146.
 (/usr/share/texlive/texmf-dist/tex/latex/psnfss/ts1pcr.fd
File: ts1pcr.fd 2001/06/04 font definitions for TS1/pcr.
) [5] </home/gunjan/Desktop/Semester 3/CS242 SSL/Assignment 2/docs/latex/shell_8cpp_a21cf30ac6ad0db98d77d018d91ee7b11_icgraph.pdf

pdfTeX warning: pdflatex (file /home/gunjan/Desktop/Semester 3/CS242 SSL/Assignment 2/docs/latex/shell_8cpp_a21cf30ac6ad0db98d77d018d91ee7b11_icgraph.pdf): PDF inclusion: multiple pdfs with page group included in a single page
>
<shell_8cpp_a21cf30ac6ad0db98d77d018d91ee7b11_icgraph.pdf, id=394, 614.295pt x 100.375pt>
File: shell_8cpp_a21cf30ac6ad0db98d77d018d91ee7b11_icgraph.pdf Graphic file (type pdf)
<use shell_8cpp_a21cf30ac6ad0db98d77d018d91ee7b11_icgraph.pdf>
Package pdftex.def Info: shell_8cpp_a21cf30ac6ad0db98d77d018d91ee7b11_icgraph.pdf  used on input line 216.
(pdftex.def)             Requested size: 350.0pt x 57.18982pt.
 </home/gunjan/Desktop/Semester 3/CS242 SSL/Assignment 2/docs/latex/shell_8cpp_a2af84ce312236aa574579149490208ab_icgraph.pdf

pdfTeX warning: pdflatex (file /home/gunjan/Desktop/Semester 3/CS242 SSL/Assignment 2/docs/latex/shell_8cpp_a2af84ce312236aa574579149490208ab_icgraph.pdf): PDF inclusion: multiple pdfs with page group included in a single page
>
<shell_8cpp_a2af84ce312236aa574579149490208ab_icgraph.pdf, id=402, 306.14375pt x 100.375pt>
File: shell_8cpp_a2af84ce312236aa574579149490208ab_icgraph.pdf Graphic file (type pdf)
<use shell_8cpp_a2af84ce312236aa574579149490208ab_icgraph.pdf>
Package pdftex.def Info: shell_8cpp_a2af84ce312236aa574579149490208ab_icgraph.pdf  used on input line 230.
(pdftex.def)             Requested size: 305.0pt x 100.00562pt.
 [6]
Underfull \hbox (badness 10000) detected at line 244
[][][]
 []

 </home/gunjan/Desktop/Semester 3/CS242 SSL/Assignment 2/docs/latex/shell_8cpp_a9ba7160033643930ae009566f7249495_cgraph.pdf>
<shell_8cpp_a9ba7160033643930ae009566f7249495_cgraph.pdf, id=416, 220.825pt x 100.375pt>
File: shell_8cpp_a9ba7160033643930ae009566f7249495_cgraph.pdf Graphic file (type pdf)
<use shell_8cpp_a9ba7160033643930ae009566f7249495_cgraph.pdf>
Package pdftex.def Info: shell_8cpp_a9ba7160033643930ae009566f7249495_cgraph.pdf  used on input line 256.
(pdftex.def)             Requested size: 220.0pt x 100.00409pt.
 </home/gunjan/Desktop/Semester 3/CS242 SSL/Assignment 2/docs/latex/shell_8cpp_a9ba7160033643930ae009566f7249495_icgraph.pdf

pdfTeX warning: pdflatex (file /home/gunjan/Desktop/Semester 3/CS242 SSL/Assignment 2/docs/latex/shell_8cpp_a9ba7160033643930ae009566f7249495_icgraph.pdf): PDF inclusion: multiple pdfs with page group included in a single page
>
<shell_8cpp_a9ba7160033643930ae009566f7249495_icgraph.pdf, id=424, 319.1925pt x 100.375pt>
File: shell_8cpp_a9ba7160033643930ae009566f7249495_icgraph.pdf Graphic file (type pdf)
<use shell_8cpp_a9ba7160033643930ae009566f7249495_icgraph.pdf>
Package pdftex.def Info: shell_8cpp_a9ba7160033643930ae009566f7249495_icgraph.pdf  used on input line 264.
(pdftex.def)             Requested size: 318.0pt x 100.00102pt.
 [7] </home/gunjan/Desktop/Semester 3/CS242 SSL/Assignment 2/docs/latex/shell_8cpp_aa86434ac88f6a72c4110e4403752eb12_icgraph.pdf>
<shell_8cpp_aa86434ac88f6a72c4110e4403752eb12_icgraph.pdf, id=442, 620.3175pt x 100.375pt>
File: shell_8cpp_aa86434ac88f6a72c4110e4403752eb12_icgraph.pdf Graphic file (type pdf)
<use shell_8cpp_aa86434ac88f6a72c4110e4403752eb12_icgraph.pdf>
Package pdftex.def Info: shell_8cpp_aa86434ac88f6a72c4110e4403752eb12_icgraph.pdf  used on input line 278.
(pdftex.def)             Requested size: 350.0pt x 56.63385pt.

Underfull \hbox (badness 10000) detected at line 292
[][][]
 []

 </home/gunjan/Desktop/Semester 3/CS242 SSL/Assignment 2/docs/latex/shell_8cpp_ad17b10fabec1bedf283c269ceabb87bd_cgraph.pdf

pdfTeX warning: pdflatex (file /home/gunjan/Desktop/Semester 3/CS242 SSL/Assignment 2/docs/latex/shell_8cpp_ad17b10fabec1bedf283c269ceabb87bd_cgraph.pdf): PDF inclusion: multiple pdfs with page group included in a single page
>
<shell_8cpp_ad17b10fabec1bedf283c269ceabb87bd_cgraph.pdf, id=450, 402.50375pt x 405.515pt>
File: shell_8cpp_ad17b10fabec1bedf283c269ceabb87bd_cgraph.pdf Graphic file (type pdf)
<use shell_8cpp_ad17b10fabec1bedf283c269ceabb87bd_cgraph.pdf>
Package pdftex.def Info: shell_8cpp_ad17b10fabec1bedf283c269ceabb87bd_cgraph.pdf  used on input line 304.
(pdftex.def)             Requested size: 350.0pt x 352.61574pt.
 [8] </home/gunjan/Desktop/Semester 3/CS242 SSL/Assignment 2/docs/latex/shell_8cpp_ad17b10fabec1bedf283c269ceabb87bd_icgraph.pdf>
<shell_8cpp_ad17b10fabec1bedf283c269ceabb87bd_icgraph.pdf, id=467, 453.695pt x 100.375pt>
File: shell_8cpp_ad17b10fabec1bedf283c269ceabb87bd_icgraph.pdf Graphic file (type pdf)
<use shell_8cpp_ad17b10fabec1bedf283c269ceabb87bd_icgraph.pdf>
Package pdftex.def Info: shell_8cpp_ad17b10fabec1bedf283c269ceabb87bd_icgraph.pdf  used on input line 312.
(pdftex.def)             Requested size: 350.0pt x 77.43448pt.
 [9]
Underfull \hbox (badness 10000) detected at line 326
[][][]
 []

 </home/gunjan/Desktop/Semester 3/CS242 SSL/Assignment 2/docs/latex/shell_8cpp_a58d5983c637527f4dad27d76f531bd6b_icgraph.pdf>
<shell_8cpp_a58d5983c637527f4dad27d76f531bd6b_icgraph.pdf, id=483, 451.6875pt x 100.375pt>
File: shell_8cpp_a58d5983c637527f4dad27d76f531bd6b_icgraph.pdf Graphic file (type pdf)
<use shell_8cpp_a58d5983c637527f4dad27d76f531bd6b_icgraph.pdf>
Package pdftex.def Info: shell_8cpp_a58d5983c637527f4dad27d76f531bd6b_icgraph.pdf  used on input line 338.
(pdftex.def)             Requested size: 350.0pt x 77.78215pt.

Underfull \hbox (badness 10000) detected at line 352
[][][]
 []

 </home/gunjan/Desktop/Semester 3/CS242 SSL/Assignment 2/docs/latex/shell_8cpp_ad6cfb065ec428179025d0cbac791a370_icgraph.pdf

pdfTeX warning: pdflatex (file /home/gunjan/Desktop/Semester 3/CS242 SSL/Assignment 2/docs/latex/shell_8cpp_ad6cfb065ec428179025d0cbac791a370_icgraph.pdf): PDF inclusion: multiple pdfs with page group included in a single page
>
<shell_8cpp_ad6cfb065ec428179025d0cbac791a370_icgraph.pdf, id=491, 408.52625pt x 100.375pt>
File: shell_8cpp_ad6cfb065ec428179025d0cbac791a370_icgraph.pdf Graphic file (type pdf)
<use shell_8cpp_ad6cfb065ec428179025d0cbac791a370_icgraph.pdf>
Package pdftex.def Info: shell_8cpp_ad6cfb065ec428179025d0cbac791a370_icgraph.pdf  used on input line 364.
(pdftex.def)             Requested size: 350.0pt x 85.99916pt.
 [10]
Underfull \hbox (badness 10000) detected at line 373
[][][]
 []

 </home/gunjan/Desktop/Semester 3/CS242 SSL/Assignment 2/docs/latex/shell_8cpp_ae66f6b31b5ad750f1fe042a706a4e3d4_cgraph.pdf>
<shell_8cpp_ae66f6b31b5ad750f1fe042a706a4e3d4_cgraph.pdf, id=508, 705.63625pt x 596.2275pt>
File: shell_8cpp_ae66f6b31b5ad750f1fe042a706a4e3d4_cgraph.pdf Graphic file (type pdf)
<use shell_8cpp_ae66f6b31b5ad750f1fe042a706a4e3d4_cgraph.pdf>
Package pdftex.def Info: shell_8cpp_ae66f6b31b5ad750f1fe042a706a4e3d4_cgraph.pdf  used on input line 385.
(pdftex.def)             Requested size: 350.0pt x 295.72942pt.
 </home/gunjan/Desktop/Semester 3/CS242 SSL/Assignment 2/docs/latex/shell_8cpp_a5a9d153d1318a61a9ddbba47ad801cd0_cgraph.pdf

pdfTeX warning: pdflatex (file /home/gunjan/Desktop/Semester 3/CS242 SSL/Assignment 2/docs/latex/shell_8cpp_a5a9d153d1318a61a9ddbba47ad801cd0_cgraph.pdf): PDF inclusion: multiple pdfs with page group included in a single page
>
<shell_8cpp_a5a9d153d1318a61a9ddbba47ad801cd0_cgraph.pdf, id=516, 631.35875pt x 596.2275pt>
File: shell_8cpp_a5a9d153d1318a61a9ddbba47ad801cd0_cgraph.pdf Graphic file (type pdf)
<use shell_8cpp_a5a9d153d1318a61a9ddbba47ad801cd0_cgraph.pdf>
Package pdftex.def Info: shell_8cpp_a5a9d153d1318a61a9ddbba47ad801cd0_cgraph.pdf  used on input line 403.
(pdftex.def)             Requested size: 350.0pt x 330.52808pt.
 [11] </home/gunjan/Desktop/Semester 3/CS242 SSL/Assignment 2/docs/latex/shell_8cpp_a5a9d153d1318a61a9ddbba47ad801cd0_icgraph.pdf>
<shell_8cpp_a5a9d153d1318a61a9ddbba47ad801cd0_icgraph.pdf, id=530, 231.86626pt x 100.375pt>
File: shell_8cpp_a5a9d153d1318a61a9ddbba47ad801cd0_icgraph.pdf Graphic file (type pdf)
<use shell_8cpp_a5a9d153d1318a61a9ddbba47ad801cd0_icgraph.pdf>
Package pdftex.def Info: shell_8cpp_a5a9d153d1318a61a9ddbba47ad801cd0_icgraph.pdf  used on input line 411.
(pdftex.def)             Requested size: 231.0pt x 100.00255pt.
 [12]
Underfull \hbox (badness 10000) detected at line 425
[][][]
 []

 </home/gunjan/Desktop/Semester 3/CS242 SSL/Assignment 2/docs/latex/shell_8cpp_a0dc69b609ceb0367bcdaaf61e29fbe08_icgraph.pdf>
<shell_8cpp_a0dc69b609ceb0367bcdaaf61e29fbe08_icgraph.pdf, id=545, 536.0025pt x 100.375pt>
File: shell_8cpp_a0dc69b609ceb0367bcdaaf61e29fbe08_icgraph.pdf Graphic file (type pdf)
<use shell_8cpp_a0dc69b609ceb0367bcdaaf61e29fbe08_icgraph.pdf>
Package pdftex.def Info: shell_8cpp_a0dc69b609ceb0367bcdaaf61e29fbe08_icgraph.pdf  used on input line 437.
(pdftex.def)             Requested size: 350.0pt x 65.54315pt.

Underfull \hbox (badness 10000) detected at line 451
[][][]
 []

 </home/gunjan/Desktop/Semester 3/CS242 SSL/Assignment 2/docs/latex/shell_8cpp_add5fed411e73f35ab95d8dbef4d07880_icgraph.pdf

pdfTeX warning: pdflatex (file /home/gunjan/Desktop/Semester 3/CS242 SSL/Assignment 2/docs/latex/shell_8cpp_add5fed411e73f35ab95d8dbef4d07880_icgraph.pdf): PDF inclusion: multiple pdfs with page group included in a single page
>
<shell_8cpp_add5fed411e73f35ab95d8dbef4d07880_icgraph.pdf, id=553, 546.04pt x 100.375pt>
File: shell_8cpp_add5fed411e73f35ab95d8dbef4d07880_icgraph.pdf Graphic file (type pdf)
<use shell_8cpp_add5fed411e73f35ab95d8dbef4d07880_icgraph.pdf>
Package pdftex.def Info: shell_8cpp_add5fed411e73f35ab95d8dbef4d07880_icgraph.pdf  used on input line 463.
(pdftex.def)             Requested size: 350.0pt x 64.33778pt.
 [13]
Underfull \hbox (badness 10000) detected at line 477
[][][]
 []

 </home/gunjan/Desktop/Semester 3/CS242 SSL/Assignment 2/docs/latex/shell_8cpp_a77099b28c8e46f7ee9f33d6cee71cef6_icgraph.pdf>
<shell_8cpp_a77099b28c8e46f7ee9f33d6cee71cef6_icgraph.pdf, id=570, 541.02126pt x 100.375pt>
File: shell_8cpp_a77099b28c8e46f7ee9f33d6cee71cef6_icgraph.pdf Graphic file (type pdf)
<use shell_8cpp_a77099b28c8e46f7ee9f33d6cee71cef6_icgraph.pdf>
Package pdftex.def Info: shell_8cpp_a77099b28c8e46f7ee9f33d6cee71cef6_icgraph.pdf  used on input line 489.
(pdftex.def)             Requested size: 350.0pt x 64.93665pt.

Underfull \hbox (badness 10000) detected at line 503
[][][]
 []

 </home/gunjan/Desktop/Semester 3/CS242 SSL/Assignment 2/docs/latex/shell_8cpp_a7803fa729c2484e9027ed0bcbe4a8c66_cgraph.pdf

pdfTeX warning: pdflatex (file /home/gunjan/Desktop/Semester 3/CS242 SSL/Assignment 2/docs/latex/shell_8cpp_a7803fa729c2484e9027ed0bcbe4a8c66_cgraph.pdf): PDF inclusion: multiple pdfs with page group included in a single page
>
<shell_8cpp_a7803fa729c2484e9027ed0bcbe4a8c66_cgraph.pdf, id=579, 268.00125pt x 291.0875pt>
File: shell_8cpp_a7803fa729c2484e9027ed0bcbe4a8c66_cgraph.pdf Graphic file (type pdf)
<use shell_8cpp_a7803fa729c2484e9027ed0bcbe4a8c66_cgraph.pdf>
Package pdftex.def Info: shell_8cpp_a7803fa729c2484e9027ed0bcbe4a8c66_cgraph.pdf  used on input line 515.
(pdftex.def)             Requested size: 267.0pt x 289.99857pt.

Underfull \vbox (badness 1931) has occurred while \output is active []

 [14] </home/gunjan/Desktop/Semester 3/CS242 SSL/Assignment 2/docs/latex/shell_8cpp_a7803fa729c2484e9027ed0bcbe4a8c66_icgraph.pdf>
<shell_8cpp_a7803fa729c2484e9027ed0bcbe4a8c66_icgraph.pdf, id=595, 543.02875pt x 100.375pt>
File: shell_8cpp_a7803fa729c2484e9027ed0bcbe4a8c66_icgraph.pdf Graphic file (type pdf)
<use shell_8cpp_a7803fa729c2484e9027ed0bcbe4a8c66_icgraph.pdf>
Package pdftex.def Info: shell_8cpp_a7803fa729c2484e9027ed0bcbe4a8c66_icgraph.pdf  used on input line 523.
(pdftex.def)             Requested size: 350.0pt x 64.69771pt.
 [15]
Underfull \hbox (badness 10000) detected at line 537
[][][]
 []

 </home/gunjan/Desktop/Semester 3/CS242 SSL/Assignment 2/docs/latex/shell_8cpp_a635ae33b0fb8acc10fa4db894209906c_icgraph.pdf>
<shell_8cpp_a635ae33b0fb8acc10fa4db894209906c_icgraph.pdf, id=612, 555.07375pt x 100.375pt>
File: shell_8cpp_a635ae33b0fb8acc10fa4db894209906c_icgraph.pdf Graphic file (type pdf)
<use shell_8cpp_a635ae33b0fb8acc10fa4db894209906c_icgraph.pdf>
Package pdftex.def Info: shell_8cpp_a635ae33b0fb8acc10fa4db894209906c_icgraph.pdf  used on input line 549.
(pdftex.def)             Requested size: 350.0pt x 63.2917pt.

Underfull \hbox (badness 10000) detected at line 563
[][][]
 []

 </home/gunjan/Desktop/Semester 3/CS242 SSL/Assignment 2/docs/latex/shell_8cpp_afd58ec2659ca46688e8c259c072d21fa_icgraph.pdf

pdfTeX warning: pdflatex (file /home/gunjan/Desktop/Semester 3/CS242 SSL/Assignment 2/docs/latex/shell_8cpp_afd58ec2659ca46688e8c259c072d21fa_icgraph.pdf): PDF inclusion: multiple pdfs with page group included in a single page
>
<shell_8cpp_afd58ec2659ca46688e8c259c072d21fa_icgraph.pdf, id=620, 560.0925pt x 100.375pt>
File: shell_8cpp_afd58ec2659ca46688e8c259c072d21fa_icgraph.pdf Graphic file (type pdf)
<use shell_8cpp_afd58ec2659ca46688e8c259c072d21fa_icgraph.pdf>
Package pdftex.def Info: shell_8cpp_afd58ec2659ca46688e8c259c072d21fa_icgraph.pdf  used on input line 575.
(pdftex.def)             Requested size: 350.0pt x 62.72655pt.
 [16]
Underfull \hbox (badness 10000) detected at line 589
[][][]
 []

 </home/gunjan/Desktop/Semester 3/CS242 SSL/Assignment 2/docs/latex/shell_8cpp_ab09c91ef14a9d7bf2234f439ba497113_icgraph.pdf>
<shell_8cpp_ab09c91ef14a9d7bf2234f439ba497113_icgraph.pdf, id=636, 555.07375pt x 100.375pt>
File: shell_8cpp_ab09c91ef14a9d7bf2234f439ba497113_icgraph.pdf Graphic file (type pdf)
<use shell_8cpp_ab09c91ef14a9d7bf2234f439ba497113_icgraph.pdf>
Package pdftex.def Info: shell_8cpp_ab09c91ef14a9d7bf2234f439ba497113_icgraph.pdf  used on input line 601.
(pdftex.def)             Requested size: 350.0pt x 63.2917pt.

Underfull \hbox (badness 10000) detected at line 615
[][][]
 []

 </home/gunjan/Desktop/Semester 3/CS242 SSL/Assignment 2/docs/latex/shell_8cpp_a88d1ea5d5790bf3008c60e05b62db2df_icgraph.pdf

pdfTeX warning: pdflatex (file /home/gunjan/Desktop/Semester 3/CS242 SSL/Assignment 2/docs/latex/shell_8cpp_a88d1ea5d5790bf3008c60e05b62db2df_icgraph.pdf): PDF inclusion: multiple pdfs with page group included in a single page
>
<shell_8cpp_a88d1ea5d5790bf3008c60e05b62db2df_icgraph.pdf, id=644, 565.11125pt x 100.375pt>
File: shell_8cpp_a88d1ea5d5790bf3008c60e05b62db2df_icgraph.pdf Graphic file (type pdf)
<use shell_8cpp_a88d1ea5d5790bf3008c60e05b62db2df_icgraph.pdf>
Package pdftex.def Info: shell_8cpp_a88d1ea5d5790bf3008c60e05b62db2df_icgraph.pdf  used on input line 627.
(pdftex.def)             Requested size: 350.0pt x 62.16751pt.
 [17]
Underfull \hbox (badness 10000) detected at line 636
[][][]
 []

 </home/gunjan/Desktop/Semester 3/CS242 SSL/Assignment 2/docs/latex/shell_8cpp_afe97c20771986f2e318707e346b14275_icgraph.pdf>
<shell_8cpp_afe97c20771986f2e318707e346b14275_icgraph.pdf, id=661, 677.53125pt x 119.44624pt>
File: shell_8cpp_afe97c20771986f2e318707e346b14275_icgraph.pdf Graphic file (type pdf)
<use shell_8cpp_afe97c20771986f2e318707e346b14275_icgraph.pdf>
Package pdftex.def Info: shell_8cpp_afe97c20771986f2e318707e346b14275_icgraph.pdf  used on input line 648.
(pdftex.def)             Requested size: 350.0pt x 61.70595pt.

Underfull \hbox (badness 10000) detected at line 664
[][][]
 []

 </home/gunjan/Desktop/Semester 3/CS242 SSL/Assignment 2/docs/latex/shell_8cpp_a8c7825a3050fd73926b1432ef22985b2_icgraph.pdf

pdfTeX warning: pdflatex (file /home/gunjan/Desktop/Semester 3/CS242 SSL/Assignment 2/docs/latex/shell_8cpp_a8c7825a3050fd73926b1432ef22985b2_icgraph.pdf): PDF inclusion: multiple pdfs with page group included in a single page
>
<shell_8cpp_a8c7825a3050fd73926b1432ef22985b2_icgraph.pdf, id=669, 421.575pt x 100.375pt>
File: shell_8cpp_a8c7825a3050fd73926b1432ef22985b2_icgraph.pdf Graphic file (type pdf)
<use shell_8cpp_a8c7825a3050fd73926b1432ef22985b2_icgraph.pdf>
Package pdftex.def Info: shell_8cpp_a8c7825a3050fd73926b1432ef22985b2_icgraph.pdf  used on input line 676.
(pdftex.def)             Requested size: 350.0pt x 83.33418pt.
 [18]
Underfull \hbox (badness 10000) detected at line 692
[][][]
 []

 </home/gunjan/Desktop/Semester 3/CS242 SSL/Assignment 2/docs/latex/shell_8cpp_ad14610637787484523b22cb4cb223686_icgraph.pdf>
<shell_8cpp_ad14610637787484523b22cb4cb223686_icgraph.pdf, id=685, 440.64626pt x 100.375pt>
File: shell_8cpp_ad14610637787484523b22cb4cb223686_icgraph.pdf Graphic file (type pdf)
<use shell_8cpp_ad14610637787484523b22cb4cb223686_icgraph.pdf>
Package pdftex.def Info: shell_8cpp_ad14610637787484523b22cb4cb223686_icgraph.pdf  used on input line 704.
(pdftex.def)             Requested size: 350.0pt x 79.7288pt.

Underfull \hbox (badness 10000) detected at line 720
[][][]
 []

 </home/gunjan/Desktop/Semester 3/CS242 SSL/Assignment 2/docs/latex/shell_8cpp_a2a903eb658aaa1b369e36b194c80076f_cgraph.pdf

pdfTeX warning: pdflatex (file /home/gunjan/Desktop/Semester 3/CS242 SSL/Assignment 2/docs/latex/shell_8cpp_a2a903eb658aaa1b369e36b194c80076f_cgraph.pdf): PDF inclusion: multiple pdfs with page group included in a single page
>
<shell_8cpp_a2a903eb658aaa1b369e36b194c80076f_cgraph.pdf, id=693, 249.93375pt x 138.5175pt>
File: shell_8cpp_a2a903eb658aaa1b369e36b194c80076f_cgraph.pdf Graphic file (type pdf)
<use shell_8cpp_a2a903eb658aaa1b369e36b194c80076f_cgraph.pdf>
Package pdftex.def Info: shell_8cpp_a2a903eb658aaa1b369e36b194c80076f_cgraph.pdf  used on input line 732.
(pdftex.def)             Requested size: 249.0pt x 138.00565pt.
 [19] </home/gunjan/Desktop/Semester 3/CS242 SSL/Assignment 2/docs/latex/shell_8cpp_a2a903eb658aaa1b369e36b194c80076f_icgraph.pdf>
<shell_8cpp_a2a903eb658aaa1b369e36b194c80076f_icgraph.pdf, id=710, 342.27875pt x 100.375pt>
File: shell_8cpp_a2a903eb658aaa1b369e36b194c80076f_icgraph.pdf Graphic file (type pdf)
<use shell_8cpp_a2a903eb658aaa1b369e36b194c80076f_icgraph.pdf>
Package pdftex.def Info: shell_8cpp_a2a903eb658aaa1b369e36b194c80076f_icgraph.pdf  used on input line 740.
(pdftex.def)             Requested size: 341.0pt x 100.00716pt.
 </home/gunjan/Desktop/Semester 3/CS242 SSL/Assignment 2/docs/latex/shell_8cpp_a64a010a178f7546ec12b04c30f719edd_cgraph.pdf

pdfTeX warning: pdflatex (file /home/gunjan/Desktop/Semester 3/CS242 SSL/Assignment 2/docs/latex/shell_8cpp_a64a010a178f7546ec12b04c30f719edd_cgraph.pdf): PDF inclusion: multiple pdfs with page group included in a single page
>
<shell_8cpp_a64a010a178f7546ec12b04c30f719edd_cgraph.pdf, id=718, 240.9pt x 138.5175pt>
File: shell_8cpp_a64a010a178f7546ec12b04c30f719edd_cgraph.pdf Graphic file (type pdf)
<use shell_8cpp_a64a010a178f7546ec12b04c30f719edd_cgraph.pdf>
Package pdftex.def Info: shell_8cpp_a64a010a178f7546ec12b04c30f719edd_cgraph.pdf  used on input line 758.
(pdftex.def)             Requested size: 240.0pt x 138.00354pt.
 </home/gunjan/Desktop/Semester 3/CS242 SSL/Assignment 2/docs/latex/shell_8cpp_a64a010a178f7546ec12b04c30f719edd_icgraph.pdf

pdfTeX warning: pdflatex (file /home/gunjan/Desktop/Semester 3/CS242 SSL/Assignment 2/docs/latex/shell_8cpp_a64a010a178f7546ec12b04c30f719edd_icgraph.pdf): PDF inclusion: multiple pdfs with page group included in a single page
>
<shell_8cpp_a64a010a178f7546ec12b04c30f719edd_icgraph.pdf, id=726, 348.30125pt x 100.375pt>
File: shell_8cpp_a64a010a178f7546ec12b04c30f719edd_icgraph.pdf Graphic file (type pdf)
<use shell_8cpp_a64a010a178f7546ec12b04c30f719edd_icgraph.pdf>
Package pdftex.def Info: shell_8cpp_a64a010a178f7546ec12b04c30f719edd_icgraph.pdf  used on input line 766.
(pdftex.def)             Requested size: 347.0pt x 100.00409pt.
 [20]
Underfull \hbox (badness 10000) detected at line 784
[][][]
 []

 </home/gunjan/Desktop/Semester 3/CS242 SSL/Assignment 2/docs/latex/shell_8cpp_a35f8bb7315bb150a2c31e1da7d1230bb_cgraph.pdf>
<shell_8cpp_a35f8bb7315bb150a2c31e1da7d1230bb_cgraph.pdf, id=742, 511.9125pt x 405.515pt>
File: shell_8cpp_a35f8bb7315bb150a2c31e1da7d1230bb_cgraph.pdf Graphic file (type pdf)
<use shell_8cpp_a35f8bb7315bb150a2c31e1da7d1230bb_cgraph.pdf>
Package pdftex.def Info: shell_8cpp_a35f8bb7315bb150a2c31e1da7d1230bb_cgraph.pdf  used on input line 796.
(pdftex.def)             Requested size: 350.0pt x 277.25632pt.

Underfull \vbox (badness 10000) has occurred while \output is active []

 [21] </home/gunjan/Desktop/Semester 3/CS242 SSL/Assignment 2/docs/latex/shell_8cpp_a35f8bb7315bb150a2c31e1da7d1230bb_icgraph.pdf>
<shell_8cpp_a35f8bb7315bb150a2c31e1da7d1230bb_icgraph.pdf, id=758, 341.275pt x 100.375pt>
File: shell_8cpp_a35f8bb7315bb150a2c31e1da7d1230bb_icgraph.pdf Graphic file (type pdf)
<use shell_8cpp_a35f8bb7315bb150a2c31e1da7d1230bb_icgraph.pdf>
Package pdftex.def Info: shell_8cpp_a35f8bb7315bb150a2c31e1da7d1230bb_icgraph.pdf  used on input line 804.
(pdftex.def)             Requested size: 340.0pt x 100.00562pt.
 [22]
Underfull \hbox (badness 10000) detected at line 818
[][][]
 []

 </home/gunjan/Desktop/Semester 3/CS242 SSL/Assignment 2/docs/latex/shell_8cpp_a1c0b076dbc292eb4fdfc5bf861fcbd69_icgraph.pdf>
<shell_8cpp_a1c0b076dbc292eb4fdfc5bf861fcbd69_icgraph.pdf, id=774, 330.23375pt x 100.375pt>
File: shell_8cpp_a1c0b076dbc292eb4fdfc5bf861fcbd69_icgraph.pdf Graphic file (type pdf)
<use shell_8cpp_a1c0b076dbc292eb4fdfc5bf861fcbd69_icgraph.pdf>
Package pdftex.def Info: shell_8cpp_a1c0b076dbc292eb4fdfc5bf861fcbd69_icgraph.pdf  used on input line 830.
(pdftex.def)             Requested size: 329.0pt x 100.00409pt.
 </home/gunjan/Desktop/Semester 3/CS242 SSL/Assignment 2/docs/latex/shell_8cpp_a028f03d42dcc6a8b5fb3a9cbbe66c114_icgraph.pdf

pdfTeX warning: pdflatex (file /home/gunjan/Desktop/Semester 3/CS242 SSL/Assignment 2/docs/latex/shell_8cpp_a028f03d42dcc6a8b5fb3a9cbbe66c114_icgraph.pdf): PDF inclusion: multiple pdfs with page group included in a single page
>
<shell_8cpp_a028f03d42dcc6a8b5fb3a9cbbe66c114_icgraph.pdf, id=782, 609.27625pt x 100.375pt>
File: shell_8cpp_a028f03d42dcc6a8b5fb3a9cbbe66c114_icgraph.pdf Graphic file (type pdf)
<use shell_8cpp_a028f03d42dcc6a8b5fb3a9cbbe66c114_icgraph.pdf>
Package pdftex.def Info: shell_8cpp_a028f03d42dcc6a8b5fb3a9cbbe66c114_icgraph.pdf  used on input line 844.
(pdftex.def)             Requested size: 350.0pt x 57.66156pt.

Underfull \hbox (badness 10000) detected at line 858
[][][]
 []

[23] </home/gunjan/Desktop/Semester 3/CS242 SSL/Assignment 2/docs/latex/shell_8cpp_a4f1803b4d6f96066caec369c772fcdf3_icgraph.pdf>
<shell_8cpp_a4f1803b4d6f96066caec369c772fcdf3_icgraph.pdf, id=798, 330.23375pt x 100.375pt>
File: shell_8cpp_a4f1803b4d6f96066caec369c772fcdf3_icgraph.pdf Graphic file (type pdf)
<use shell_8cpp_a4f1803b4d6f96066caec369c772fcdf3_icgraph.pdf>
Package pdftex.def Info: shell_8cpp_a4f1803b4d6f96066caec369c772fcdf3_icgraph.pdf  used on input line 870.
(pdftex.def)             Requested size: 329.0pt x 100.00409pt.
 </home/gunjan/Desktop/Semester 3/CS242 SSL/Assignment 2/docs/latex/shell_8cpp_a2ccae85fb50e2a0d35487378e35463cd_icgraph.pdf

pdfTeX warning: pdflatex (file /home/gunjan/Desktop/Semester 3/CS242 SSL/Assignment 2/docs/latex/shell_8cpp_a2ccae85fb50e2a0d35487378e35463cd_icgraph.pdf): PDF inclusion: multiple pdfs with page group included in a single page
>
<shell_8cpp_a2ccae85fb50e2a0d35487378e35463cd_icgraph.pdf, id=806, 621.32124pt x 161.60374pt>
File: shell_8cpp_a2ccae85fb50e2a0d35487378e35463cd_icgraph.pdf Graphic file (type pdf)
<use shell_8cpp_a2ccae85fb50e2a0d35487378e35463cd_icgraph.pdf>
Package pdftex.def Info: shell_8cpp_a2ccae85fb50e2a0d35487378e35463cd_icgraph.pdf  used on input line 884.
(pdftex.def)             Requested size: 350.0pt x 91.03256pt.
 [24]
Underfull \hbox (badness 10000) detected at line 900
[][][]
 []

 </home/gunjan/Desktop/Semester 3/CS242 SSL/Assignment 2/docs/latex/shell_8cpp_a8d83db0bd1fa811e13d455a3dd56689e_icgraph.pdf>
<shell_8cpp_a8d83db0bd1fa811e13d455a3dd56689e_icgraph.pdf, id=823, 427.5975pt x 100.375pt>
File: shell_8cpp_a8d83db0bd1fa811e13d455a3dd56689e_icgraph.pdf Graphic file (type pdf)
<use shell_8cpp_a8d83db0bd1fa811e13d455a3dd56689e_icgraph.pdf>
Package pdftex.def Info: shell_8cpp_a8d83db0bd1fa811e13d455a3dd56689e_icgraph.pdf  used on input line 912.
(pdftex.def)             Requested size: 350.0pt x 82.15945pt.

Underfull \hbox (badness 10000) detected at line 928
[][][]
 []

 </home/gunjan/Desktop/Semester 3/CS242 SSL/Assignment 2/docs/latex/shell_8cpp_a262ec0428de2bdb24035da13f099fe12_icgraph.pdf

pdfTeX warning: pdflatex (file /home/gunjan/Desktop/Semester 3/CS242 SSL/Assignment 2/docs/latex/shell_8cpp_a262ec0428de2bdb24035da13f099fe12_icgraph.pdf): PDF inclusion: multiple pdfs with page group included in a single page
>
<shell_8cpp_a262ec0428de2bdb24035da13f099fe12_icgraph.pdf, id=831, 437.635pt x 100.375pt>
File: shell_8cpp_a262ec0428de2bdb24035da13f099fe12_icgraph.pdf Graphic file (type pdf)
<use shell_8cpp_a262ec0428de2bdb24035da13f099fe12_icgraph.pdf>
Package pdftex.def Info: shell_8cpp_a262ec0428de2bdb24035da13f099fe12_icgraph.pdf  used on input line 940.
(pdftex.def)             Requested size: 350.0pt x 80.27559pt.
 [25]
Underfull \hbox (badness 10000) detected at line 954
[][][]
 []

 </home/gunjan/Desktop/Semester 3/CS242 SSL/Assignment 2/docs/latex/shell_8cpp_abb8389389c7a43af943ef250ff82c60b_icgraph.pdf>
<shell_8cpp_abb8389389c7a43af943ef250ff82c60b_icgraph.pdf, id=847, 627.34375pt x 138.5175pt>
File: shell_8cpp_abb8389389c7a43af943ef250ff82c60b_icgraph.pdf Graphic file (type pdf)
<use shell_8cpp_abb8389389c7a43af943ef250ff82c60b_icgraph.pdf>
Package pdftex.def Info: shell_8cpp_abb8389389c7a43af943ef250ff82c60b_icgraph.pdf  used on input line 972.
(pdftex.def)             Requested size: 350.0pt x 77.28181pt.
) [26] (/home/gunjan/Desktop/Semester 3/CS242 SSL/Assignment 2/docs/latex/refman.ind [27



] [28

])
Package atveryend Info: Empty hook `BeforeClearDocument' on input line 188.
Package atveryend Info: Empty hook `AfterLastShipout' on input line 188.
 (/home/gunjan/Desktop/Semester 3/CS242 SSL/Assignment 2/docs/latex/refman.aux)
Package atveryend Info: Executing hook `AtVeryEndDocument' on input line 188.
Package atveryend Info: Executing hook `AtEndAfterFileList' on input line 188.
Package rerunfilecheck Info: File `refman.out' has not changed.
(rerunfilecheck)             Checksum: 9BC57F060D4A4317FA5CAC3FC4D259DB;8590.
 ) 
Here is how much of TeX's memory you used:
 17024 strings out of 480906
 261950 string characters out of 5910772
 527734 words of memory out of 5000000
 32117 multiletter control sequences out of 15000+600000
 586067 words of font info for 94 fonts, out of 8000000 for 9000
 1141 hyphenation exceptions out of 8191
 59i,12n,96p,1010b,629s stack positions out of 5000i,500n,10000p,200000b,80000s
{/usr/share/texlive/texmf-dist/fonts/enc/dvips/base/8r.enc}</usr/share/texlive/texmf-dist/fonts/type1/public/amsfonts/cm/cmmi10.pfb></usr/share/texlive/texmf-dist/fonts/type1/public/amsfonts/cm/cmmi8.pfb></usr/share/texlive/texmf-dist/fonts/type1/public/amsfonts/cm/cmsy10.pfb></usr/share/texlive/texmf-dist/fonts/type1/public/amsfonts/cm/cmsy8.pfb></usr/share/texlive/texmf-dist/fonts/type1/urw/courier/ucrr8a.pfb></usr/share/texlive/texmf-dist/fonts/type1/urw/courier/ucrro8a.pfb></usr/share/texlive/texmf-dist/fonts/type1/urw/helvetic/uhvb8a.pfb></usr/share/texlive/texmf-dist/fonts/type1/urw/helvetic/uhvb8ac.pfb></usr/share/texlive/texmf-dist/fonts/type1/urw/helvetic/uhvr8a.pfb></usr/share/texlive/texmf-dist/fonts/type1/urw/helvetic/uhvro8a.pfb>
Output written on "/home/gunjan/Desktop/Semester 3/CS242 SSL/Assignment 2/docs/latex/refman.pdf" (32 pages, 538087 bytes).
PDF statistics:
 1028 PDF objects out of 1200 (max. 8388607)
 859 compressed objects within 9 object streams
 182 named destinations out of 1000 (max. 500000)
 583 words of extra memory for PDF output out of 10000 (max. 10000000)

